3989  execve("./get_ip_addr", ["./get_ip_addr"], [/* 20 vars */]) = 0
3989  brk(NULL)                         = 0x1d1f000
3989  access("/etc/ld.so.nohwcap", F_OK) = -1 ENOENT (No such file or directory)
3989  mmap(NULL, 8192, PROT_READ|PROT_WRITE, MAP_PRIVATE|MAP_ANONYMOUS, -1, 0) = 0x7fd9a519f000
3989  access("/etc/ld.so.preload", R_OK) = -1 ENOENT (No such file or directory)
3989  open("/etc/ld.so.cache", O_RDONLY|O_CLOEXEC) = 3</etc/ld.so.cache>
3989  fstat(3</etc/ld.so.cache>, {st_mode=S_IFREG|0644, st_size=97388, ...}) = 0
3989  mmap(NULL, 97388, PROT_READ, MAP_PRIVATE, 3</etc/ld.so.cache>, 0) = 0x7fd9a517f000
3989  close(3</etc/ld.so.cache>)        = 0
3989  access("/etc/ld.so.nohwcap", F_OK) = -1 ENOENT (No such file or directory)
3989  open("/lib/x86_64-linux-gnu/libc.so.6", O_RDONLY|O_CLOEXEC) = 3</lib/x86_64-linux-gnu/libc-2.23.so>
3989  read(3</lib/x86_64-linux-gnu/libc-2.23.so>, "\177ELF\2\1\1\3\0\0\0\0\0\0\0\0\3\0>\0\1\0\0\0P\t\2\0\0\0\0\0"..., 832) = 832
3989  fstat(3</lib/x86_64-linux-gnu/libc-2.23.so>, {st_mode=S_IFREG|0755, st_size=1864888, ...}) = 0
3989  mmap(NULL, 3967488, PROT_READ|PROT_EXEC, MAP_PRIVATE|MAP_DENYWRITE, 3</lib/x86_64-linux-gnu/libc-2.23.so>, 0) = 0x7fd9a4ba7000
3989  mprotect(0x7fd9a4d67000, 2093056, PROT_NONE) = 0
3989  mmap(0x7fd9a4f66000, 24576, PROT_READ|PROT_WRITE, MAP_PRIVATE|MAP_FIXED|MAP_DENYWRITE, 3</lib/x86_64-linux-gnu/libc-2.23.so>, 0x1bf000) = 0x7fd9a4f66000
3989  mmap(0x7fd9a4f6c000, 14848, PROT_READ|PROT_WRITE, MAP_PRIVATE|MAP_FIXED|MAP_ANONYMOUS, -1, 0) = 0x7fd9a4f6c000
3989  close(3</lib/x86_64-linux-gnu/libc-2.23.so>) = 0
3989  mmap(NULL, 4096, PROT_READ|PROT_WRITE, MAP_PRIVATE|MAP_ANONYMOUS, -1, 0) = 0x7fd9a519b000
3989  mmap(NULL, 4096, PROT_READ|PROT_WRITE, MAP_PRIVATE|MAP_ANONYMOUS, -1, 0) = 0x7fd9a519a000
3989  arch_prctl(ARCH_SET_FS, 0x7fd9a519b700) = 0
3989  mprotect(0x7fd9a4f66000, 16384, PROT_READ) = 0
3989  mprotect(0x600000, 4096, PROT_READ) = 0
3989  mprotect(0x7fd9a519c000, 4096, PROT_READ) = 0
3989  munmap(0x7fd9a517f000, 97388)     = 0
3989  socket(PF_NETLINK, SOCK_RAW, NETLINK_ROUTE) = 3<NETLINK:[31866]>
3989  bind(3<NETLINK:[31866]>, {sa_family=AF_NETLINK, pid=0, groups=00000000}, 12) = 0
3989  getsockname(3<NETLINK:[31866]>, {sa_family=AF_NETLINK, pid=3989, groups=00000000}, [12]) = 0
3989  sendto(3<NETLINK:[31866]>, "\24\0\0\0\22\0\1\3-D\306X\0\0\0\0\0\0\0\0", 20, 0, {sa_family=AF_NETLINK, pid=0, groups=00000000}, 12) = 20
3989  recvmsg(3<NETLINK:[31866]>, {msg_name(12)={sa_family=AF_NETLINK, pid=0, groups=00000000}, msg_iov(1)=[{"\234\4\0\0\20\0\2\0-D\306X\225\17\0\0\0\0\4\3\1\0\0\0I\0\1\0\0\0\0\0"..., 4096}], msg_controllen=0, msg_flags=0}, 0) = 2368
3989  brk(NULL)                         = 0x1d1f000
3989  brk(0x1d40000)                    = 0x1d40000
3989  recvmsg(3<NETLINK:[31866]>, {msg_name(12)={sa_family=AF_NETLINK, pid=0, groups=00000000}, msg_iov(1)=[{"\24\0\0\0\3\0\2\0-D\306X\225\17\0\0\0\0\0\0", 4096}], msg_controllen=0, msg_flags=0}, 0) = 20
3989  sendto(3<NETLINK:[31866]>, "\24\0\0\0\26\0\1\3.D\306X\0\0\0\0\0\0\0\0", 20, 0, {sa_family=AF_NETLINK, pid=0, groups=00000000}, 12) = 20
3989  recvmsg(3<NETLINK:[31866]>, {msg_name(12)={sa_family=AF_NETLINK, pid=0, groups=00000000}, msg_iov(1)=[{"L\0\0\0\24\0\2\0.D\306X\225\17\0\0\2\10\200\376\1\0\0\0\10\0\1\0\177\0\0\1"..., 4096}], msg_controllen=0, msg_flags=0}, 0) = 164
3989  recvmsg(3<NETLINK:[31866]>, {msg_name(12)={sa_family=AF_NETLINK, pid=0, groups=00000000}, msg_iov(1)=[{"H\0\0\0\24\0\2\0.D\306X\225\17\0\0\n\200\200\376\1\0\0\0\24\0\1\0\0\0\0\0"..., 4096}], msg_controllen=0, msg_flags=0}, 0) = 144
3989  recvmsg(3<NETLINK:[31866]>, {msg_name(12)={sa_family=AF_NETLINK, pid=0, groups=00000000}, msg_iov(1)=[{"\24\0\0\0\3\0\2\0.D\306X\225\17\0\0\0\0\0\0", 4096}], msg_controllen=0, msg_flags=0}, 0) = 20
3989  close(3<NETLINK:[31866]>)         = 0
3989  fstat(1</dev/pts/1>, {st_mode=S_IFCHR|0620, st_rdev=makedev(136, 1), ...}) = 0
3989  write(1</dev/pts/1>, "lo IP Address 127.0.0.1\n", 24) = 24
3989  write(1</dev/pts/1>, "ens33 IP Address 192.168.159.137"..., 33) = 33
3989  write(1</dev/pts/1>, "lo IP Address ::\n", 17) = 17
3989  write(1</dev/pts/1>, "ens33 IP Address 0:0:fe80::b18c:"..., 37) = 37
3989  exit_group(0)                     = ?
3989  +++ exited with 0 +++
